<?xml version="1.0" encoding="UTF-8" ?>
<testsuite tests="10" failures="0" name="TestSuite" time="0.278" errors="0" skipped="0">
  <properties>
    <property name="idea.version" value="2017.2.3"/>
    <property name="java.runtime.name" value="Java(TM) SE Runtime Environment"/>
    <property name="sun.boot.library.path" value="/Users/sree/Documents/homepath/Java/jdk1.8.0.jdk/Contents/Home/jre/lib"/>
    <property name="java.vm.version" value="25.0-b63"/>
    <property name="user.country.format" value="IN"/>
    <property name="gopherProxySet" value="false"/>
    <property name="java.vm.vendor" value="Oracle Corporation"/>
    <property name="maven.multiModuleProjectDirectory" value="/Users/sree/Documents/opensource/github/java-features/programs"/>
    <property name="java.vendor.url" value="http://java.oracle.com/"/>
    <property name="path.separator" value=":"/>
    <property name="guice.disable.misplaced.annotation.check" value="true"/>
    <property name="java.vm.name" value="Java HotSpot(TM) 64-Bit Server VM"/>
    <property name="file.encoding.pkg" value="sun.io"/>
    <property name="user.country" value="US"/>
    <property name="sun.java.launcher" value="SUN_STANDARD"/>
    <property name="sun.os.patch.level" value="unknown"/>
    <property name="java.vm.specification.name" value="Java Virtual Machine Specification"/>
    <property name="user.dir" value="/Users/sree/Documents/opensource/github/java-features/programs"/>
    <property name="java.runtime.version" value="1.8.0-ea-b121"/>
    <property name="java.awt.graphicsenv" value="sun.awt.CGraphicsEnvironment"/>
    <property name="java.endorsed.dirs" value="/Users/sree/Documents/homepath/Java/jdk1.8.0.jdk/Contents/Home/jre/lib/endorsed"/>
    <property name="os.arch" value="x86_64"/>
    <property name="java.io.tmpdir" value="/var/folders/ww/g3gn60z14c9c022rfc43kd7h0000gp/T/"/>
    <property name="line.separator" value="
"/>
    <property name="java.vm.specification.vendor" value="Oracle Corporation"/>
    <property name="os.name" value="Mac OS X"/>
    <property name="classworlds.conf" value="/Applications/IntelliJ IDEA CE.app/Contents/plugins/maven/lib/maven3/bin/m2.conf"/>
    <property name="sun.jnu.encoding" value="UTF-8"/>
    <property name="java.library.path" value="/Users/sree/Library/Java/Extensions:/Library/Java/Extensions:/Network/Library/Java/Extensions:/System/Library/Java/Extensions:/usr/lib/java:."/>
    <property name="java.specification.name" value="Java Platform API Specification"/>
    <property name="java.class.version" value="52.0"/>
    <property name="sun.management.compiler" value="HotSpot 64-Bit Tiered Compilers"/>
    <property name="os.version" value="10.10.5"/>
    <property name="http.nonProxyHosts" value="local|*.local|169.254/16|*.169.254/16"/>
    <property name="user.home" value="/Users/sree"/>
    <property name="user.timezone" value="Asia/Kolkata"/>
    <property name="java.awt.printerjob" value="sun.lwawt.macosx.CPrinterJob"/>
    <property name="java.specification.version" value="1.8"/>
    <property name="file.encoding" value="UTF-8"/>
    <property name="user.name" value="sree"/>
    <property name="java.class.path" value="/Applications/IntelliJ IDEA CE.app/Contents/plugins/maven/lib/maven3/boot/plexus-classworlds-2.5.2.jar:/Applications/IntelliJ IDEA CE.app/Contents/lib/idea_rt.jar"/>
    <property name="java.vm.specification.version" value="1.8"/>
    <property name="sun.arch.data.model" value="64"/>
    <property name="java.home" value="/Users/sree/Documents/homepath/Java/jdk1.8.0.jdk/Contents/Home/jre"/>
    <property name="sun.java.command" value="org.codehaus.classworlds.Launcher -Didea.version=2017.2.3 test"/>
    <property name="java.specification.vendor" value="Oracle Corporation"/>
    <property name="user.language" value="en"/>
    <property name="awt.toolkit" value="sun.lwawt.macosx.LWCToolkit"/>
    <property name="java.vm.info" value="mixed mode"/>
    <property name="java.version" value="1.8.0-ea"/>
    <property name="java.ext.dirs" value="/Users/sree/Library/Java/Extensions:/Users/sree/Documents/homepath/Java/jdk1.8.0.jdk/Contents/Home/jre/lib/ext:/Library/Java/Extensions:/Network/Library/Java/Extensions:/System/Library/Java/Extensions:/usr/lib/java"/>
    <property name="sun.boot.class.path" value="/Users/sree/Documents/homepath/Java/jdk1.8.0.jdk/Contents/Home/jre/lib/resources.jar:/Users/sree/Documents/homepath/Java/jdk1.8.0.jdk/Contents/Home/jre/lib/rt.jar:/Users/sree/Documents/homepath/Java/jdk1.8.0.jdk/Contents/Home/jre/lib/sunrsasign.jar:/Users/sree/Documents/homepath/Java/jdk1.8.0.jdk/Contents/Home/jre/lib/jsse.jar:/Users/sree/Documents/homepath/Java/jdk1.8.0.jdk/Contents/Home/jre/lib/jce.jar:/Users/sree/Documents/homepath/Java/jdk1.8.0.jdk/Contents/Home/jre/lib/charsets.jar:/Users/sree/Documents/homepath/Java/jdk1.8.0.jdk/Contents/Home/jre/lib/jfr.jar:/Users/sree/Documents/homepath/Java/jdk1.8.0.jdk/Contents/Home/jre/lib/JObjC.jar:/Users/sree/Documents/homepath/Java/jdk1.8.0.jdk/Contents/Home/jre/classes"/>
    <property name="java.vendor" value="Oracle Corporation"/>
    <property name="maven.home" value="/Applications/IntelliJ IDEA CE.app/Contents/plugins/maven/lib/maven3"/>
    <property name="file.separator" value="/"/>
    <property name="java.vendor.url.bug" value="http://bugreport.sun.com/bugreport/"/>
    <property name="sun.cpu.endian" value="little"/>
    <property name="sun.io.unicode.encoding" value="UnicodeBig"/>
    <property name="socksNonProxyHosts" value="local|*.local|169.254/16|*.169.254/16"/>
    <property name="ftp.nonProxyHosts" value="local|*.local|169.254/16|*.169.254/16"/>
    <property name="sun.cpu.isalist" value=""/>
  </properties>
  <testcase classname="epi.array.TestPrimeNo" name="testPrimeNo" time="0.221"/>
  <testcase classname="epi.array.TestSudokuSolver" name="test" time="0"/>
  <testcase classname="epi.array.TestSudokuSolver" name="test1" time="0"/>
  <testcase classname="geeksforgeeks.CountSubStringTest" name="test" time="0.02"/>
  <testcase classname="geeksforgeeks.DutchNationalFlagProblemTest" name="testInput1" time="0.016"/>
  <testcase classname="geeksforgeeks.FibonacciTest" name="testFibonacci" time="0.001"/>
  <testcase classname="geeksforgeeks.RotateAndDeleteTest" name="tc1" time="0.001"/>
  <testcase classname="geeksforgeeks.SumStringTest" name="sumStringTestCase1" time="0.018"/>
  <testcase classname="geeksforgeeks.SumStringTest" name="sumStringTestCase2" time="0"/>
  <testcase classname="geeksforgeeks.SumStringTest" name="sumStringTestCase3" time="0.001"/>
</testsuite>