<?xml version="1.0" encoding="UTF-8"?>
<!-- Generated by org.testng.reporters.JUnitReportReporter -->
<testsuite hostname="Sree-MackBook-Pro" failures="0" tests="10" name="org.wildcraft.util.collections.CollectionFactoryTest" time="0.051" errors="0" timestamp="14 Oct 2017 15:19:31 GMT" skipped="0">
  <testcase classname="org.wildcraft.util.collections.CollectionFactoryTest" name="testCreateCollectionWithoutEnhancement" time="0.000"/>
  <testcase classname="org.wildcraft.util.collections.CollectionFactoryTest" name="testCollectionOrderIsUnstable" time="0.000"/>
  <testcase classname="org.wildcraft.util.collections.CollectionFactoryTest" name="testCollectionsAreImmutable" time="0.015"/>
  <testcase classname="org.wildcraft.util.collections.CollectionFactoryTest" name="testCollectionOrderIsUnstable" time="0.000"/>
  <testcase classname="org.wildcraft.util.collections.CollectionFactoryTest" name="testImmutableMapOf10Elements" time="0.030"/>
  <testcase classname="org.wildcraft.util.collections.CollectionFactoryTest" name="testCollectionOrderIsUnstable" time="0.002"/>
  <testcase classname="org.wildcraft.util.collections.CollectionFactoryTest" name="testCollectionOrderIsUnstable" time="0.001"/>
  <testcase classname="org.wildcraft.util.collections.CollectionFactoryTest" name="testCollectionOrderIsUnstable" time="0.000"/>
  <testcase classname="org.wildcraft.util.collections.CollectionFactoryTest" name="testImmutableMapOf11Elements" time="0.001"/>
  <testcase classname="org.wildcraft.util.collections.CollectionFactoryTest" name="testCreateCollectionInJava9" time="0.002"/>
</testsuite> <!-- org.wildcraft.util.collections.CollectionFactoryTest -->
