<?xml version="1.0" encoding="UTF-8"?>
<!-- Generated by org.testng.reporters.JUnitReportReporter -->
<testsuite hostname="Sree-MackBook-Pro" failures="0" tests="10" name="org.wildcraft.util.collections.CollectionFactoryTest" time="0.044" errors="0" timestamp="15 Oct 2017 02:47:58 GMT" skipped="0">
  <testcase classname="org.wildcraft.util.collections.CollectionFactoryTest" name="testCreateCollectionWithoutEnhancement" time="0.000"/>
  <testcase classname="org.wildcraft.util.collections.CollectionFactoryTest" name="testCollectionOrderIsUnstable" time="0.000"/>
  <testcase classname="org.wildcraft.util.collections.CollectionFactoryTest" name="testCollectionsAreImmutable" time="0.017"/>
  <testcase classname="org.wildcraft.util.collections.CollectionFactoryTest" name="testCollectionOrderIsUnstable" time="0.000"/>
  <testcase classname="org.wildcraft.util.collections.CollectionFactoryTest" name="testImmutableMapOf10Elements" time="0.022"/>
  <testcase classname="org.wildcraft.util.collections.CollectionFactoryTest" name="testCollectionOrderIsUnstable" time="0.003"/>
  <testcase classname="org.wildcraft.util.collections.CollectionFactoryTest" name="testCollectionOrderIsUnstable" time="0.000"/>
  <testcase classname="org.wildcraft.util.collections.CollectionFactoryTest" name="testCollectionOrderIsUnstable" time="0.000"/>
  <testcase classname="org.wildcraft.util.collections.CollectionFactoryTest" name="testImmutableMapOf11Elements" time="0.000"/>
  <testcase classname="org.wildcraft.util.collections.CollectionFactoryTest" name="testCreateCollectionInJava9" time="0.002"/>
</testsuite> <!-- org.wildcraft.util.collections.CollectionFactoryTest -->
