<?xml version="1.0" encoding="UTF-8"?>
<!-- Generated by org.testng.reporters.JUnitReportReporter -->
<testsuite hostname="Sree-MackBook-Pro" failures="0" tests="2" name="org.wildcraft.util.arrays.CompareArraysTest" time="0.030" errors="0" timestamp="14 Oct 2017 15:19:31 GMT" skipped="0">
  <testcase classname="org.wildcraft.util.arrays.CompareArraysTest" name="testArraysCompareWithDifferentArray" time="0.001"/>
  <testcase classname="org.wildcraft.util.arrays.CompareArraysTest" name="testArraysCompare" time="0.029"/>
</testsuite> <!-- org.wildcraft.util.arrays.CompareArraysTest -->
