<?xml version="1.0" encoding="UTF-8"?>
<!-- Generated by org.testng.reporters.JUnitReportReporter -->
<testsuite hostname="Sree-MackBook-Pro" failures="0" tests="7" name="org.wildcraft.util.stream.StreamTest" time="0.036" errors="0" timestamp="14 Oct 2017 15:19:31 GMT" skipped="1">
  <testcase classname="org.wildcraft.util.stream.StreamTest" name="testDropWhile" time="0.015"/>
  <testcase classname="org.wildcraft.util.stream.StreamTest" name="testOfNullable" time="0.001"/>
  <testcase classname="org.wildcraft.util.stream.StreamTest" name="testTakeWhile" time="0.001"/>
  <testcase classname="org.wildcraft.util.stream.StreamTest" name="testOfNullableStreamCount" time="0.008"/>
  <testcase classname="org.wildcraft.util.stream.StreamTest" name="testIterateStoppable" time="0.009"/>
  <testcase classname="org.wildcraft.util.stream.StreamTest" name="testOfNullableStream" time="0.002"/>
  <testcase classname="org.wildcraft.util.stream.StreamTest" name="testIterateUnstoppableInJava8">
    <skipped/>
  </testcase> <!-- testIterateUnstoppableInJava8 -->
</testsuite> <!-- org.wildcraft.util.stream.StreamTest -->
