<?xml version="1.0" encoding="UTF-8"?>
<!-- Generated by org.testng.reporters.JUnitReportReporter -->
<testsuite hostname="Sree-MackBook-Pro" failures="0" tests="1" name="org.wildcraft.util.reactive.ReactiveTest" time="0.024" errors="0" timestamp="14 Oct 2017 15:19:31 GMT" skipped="0">
  <testcase classname="org.wildcraft.util.reactive.ReactiveTest" name="testPublishAndSubscribe" time="0.024"/>
</testsuite> <!-- org.wildcraft.util.reactive.ReactiveTest -->
