<?xml version="1.0" encoding="UTF-8"?>
<!-- Generated by org.testng.reporters.JUnitReportReporter -->
<testsuite hostname="Sree-MackBook-Pro" failures="0" tests="1" name="org.wildcraft.depreciation.DepreciationTest" time="0.001" errors="0" timestamp="14 Oct 2017 15:19:34 GMT" skipped="0">
  <testcase classname="org.wildcraft.depreciation.DepreciationTest" name="testAssetDepreciation" time="0.001"/>
</testsuite> <!-- org.wildcraft.depreciation.DepreciationTest -->
