<?xml version="1.0" encoding="UTF-8"?>
<!-- Generated by org.testng.reporters.JUnitReportReporter -->
<testsuite hostname="Sree-MackBook-Pro" failures="0" tests="1" name="org.wildcraft.stackwalker.StackWalkerTest" time="0.037" errors="0" timestamp="14 Oct 2017 15:19:34 GMT" skipped="0">
  <testcase classname="org.wildcraft.stackwalker.StackWalkerTest" name="testStackWalker" time="0.037"/>
</testsuite> <!-- org.wildcraft.stackwalker.StackWalkerTest -->
