<?xml version="1.0" encoding="UTF-8"?>
<!-- Generated by org.testng.reporters.JUnitReportReporter -->
<testsuite hostname="Sree-MackBook-Pro" failures="0" tests="1" name="org.wildcraft.contract.PrivateInterfaceMethodTest" time="0.008" errors="0" timestamp="14 Oct 2017 15:19:34 GMT" skipped="0">
  <testcase classname="org.wildcraft.contract.PrivateInterfaceMethodTest" name="testPrivateInterfaceMethod" time="0.008"/>
</testsuite> <!-- org.wildcraft.contract.PrivateInterfaceMethodTest -->
