<?xml version="1.0" encoding="UTF-8"?>
<!-- Generated by org.testng.reporters.JUnitReportReporter -->
<testsuite hostname="Sree-MackBook-Pro" failures="0" tests="3" name="org.wildcraft.diamond.DiamondTest" time="0.005" errors="0" timestamp="14 Oct 2017 15:19:34 GMT" skipped="0">
  <testcase classname="org.wildcraft.diamond.DiamondTest" name="testDiamondWithInference" time="0.004"/>
  <testcase classname="org.wildcraft.diamond.DiamondTest" name="testDiamondWithoutInference" time="0.000"/>
  <testcase classname="org.wildcraft.diamond.DiamondTest" name="testNonDenotableType" time="0.001"/>
</testsuite> <!-- org.wildcraft.diamond.DiamondTest -->
