<?xml version="1.0" encoding="UTF-8" ?>
<testsuite tests="25" failures="0" name="TestSuite" time="0.143" errors="0" skipped="0">
  <properties>
    <property name="idea.version" value="2017.2.3"/>
    <property name="java.runtime.name" value="Java(TM) SE Runtime Environment"/>
    <property name="java.vm.version" value="9+181"/>
    <property name="sun.boot.library.path" value="/Library/Java/JavaVirtualMachines/jdk-9.jdk/Contents/Home/lib"/>
    <property name="user.country.format" value="IN"/>
    <property name="gopherProxySet" value="false"/>
    <property name="maven.multiModuleProjectDirectory" value="/Users/sree/Documents/opensource/github/jdk9-features/parent"/>
    <property name="java.vm.vendor" value="Oracle Corporation"/>
    <property name="java.vendor.url" value="http://java.oracle.com/"/>
    <property name="guice.disable.misplaced.annotation.check" value="true"/>
    <property name="path.separator" value=":"/>
    <property name="java.vm.name" value="Java HotSpot(TM) 64-Bit Server VM"/>
    <property name="file.encoding.pkg" value="sun.io"/>
    <property name="sun.os.patch.level" value="unknown"/>
    <property name="user.country" value="US"/>
    <property name="sun.java.launcher" value="SUN_STANDARD"/>
    <property name="java.vm.specification.name" value="Java Virtual Machine Specification"/>
    <property name="user.dir" value="/Users/sree/Documents/opensource/github/jdk9-features/parent"/>
    <property name="java.vm.compressedOopsMode" value="Zero based"/>
    <property name="java.runtime.version" value="9+181"/>
    <property name="java.awt.graphicsenv" value="sun.awt.CGraphicsEnvironment"/>
    <property name="os.arch" value="x86_64"/>
    <property name="java.io.tmpdir" value="/var/folders/ww/g3gn60z14c9c022rfc43kd7h0000gp/T/"/>
    <property name="line.separator" value="
"/>
    <property name="java.vm.specification.vendor" value="Oracle Corporation"/>
    <property name="os.name" value="Mac OS X"/>
    <property name="classworlds.conf" value="/Applications/IntelliJ IDEA CE.app/Contents/plugins/maven/lib/maven3/bin/m2.conf"/>
    <property name="sun.jnu.encoding" value="UTF-8"/>
    <property name="java.library.path" value="/Users/sree/Library/Java/Extensions:/Library/Java/Extensions:/Network/Library/Java/Extensions:/System/Library/Java/Extensions:/usr/lib/java:."/>
    <property name="jdk.debug" value="release"/>
    <property name="java.class.version" value="53.0"/>
    <property name="java.specification.name" value="Java Platform API Specification"/>
    <property name="sun.management.compiler" value="HotSpot 64-Bit Tiered Compilers"/>
    <property name="os.version" value="10.10.5"/>
    <property name="http.nonProxyHosts" value="local|*.local|169.254/16|*.169.254/16"/>
    <property name="user.home" value="/Users/sree"/>
    <property name="user.timezone" value="Asia/Kolkata"/>
    <property name="java.awt.printerjob" value="sun.lwawt.macosx.CPrinterJob"/>
    <property name="file.encoding" value="UTF-8"/>
    <property name="java.specification.version" value="9"/>
    <property name="user.name" value="sree"/>
    <property name="java.class.path" value="/Applications/IntelliJ IDEA CE.app/Contents/plugins/maven/lib/maven3/boot/plexus-classworlds-2.5.2.jar"/>
    <property name="java.vm.specification.version" value="9"/>
    <property name="sun.arch.data.model" value="64"/>
    <property name="sun.java.command" value="org.codehaus.classworlds.Launcher -Didea.version=2017.2.3 package"/>
    <property name="java.home" value="/Library/Java/JavaVirtualMachines/jdk-9.jdk/Contents/Home"/>
    <property name="user.language" value="en"/>
    <property name="java.specification.vendor" value="Oracle Corporation"/>
    <property name="awt.toolkit" value="sun.lwawt.macosx.LWCToolkit"/>
    <property name="java.vm.info" value="mixed mode"/>
    <property name="java.version" value="9"/>
    <property name="java.vendor" value="Oracle Corporation"/>
    <property name="maven.home" value="/Applications/IntelliJ IDEA CE.app/Contents/plugins/maven/lib/maven3"/>
    <property name="file.separator" value="/"/>
    <property name="java.vendor.url.bug" value="http://bugreport.java.com/bugreport/"/>
    <property name="sun.io.unicode.encoding" value="UnicodeBig"/>
    <property name="sun.cpu.endian" value="little"/>
    <property name="socksNonProxyHosts" value="local|*.local|169.254/16|*.169.254/16"/>
    <property name="ftp.nonProxyHosts" value="local|*.local|169.254/16|*.169.254/16"/>
    <property name="sun.cpu.isalist" value=""/>
  </properties>
  <testcase classname="org.wildcraft.util.arrays.CompareArraysTest" name="testArraysCompare" time="0.028"/>
  <testcase classname="org.wildcraft.util.arrays.CompareArraysTest" name="testArraysCompareWithDifferentArray" time="0"/>
  <testcase classname="org.wildcraft.util.collections.CollectionFactoryTest" name="testCollectionOrderIsUnstable" time="0.003"/>
  <testcase classname="org.wildcraft.util.collections.CollectionFactoryTest" name="testCollectionOrderIsUnstable" time="0"/>
  <testcase classname="org.wildcraft.util.collections.CollectionFactoryTest" name="testCollectionOrderIsUnstable" time="0"/>
  <testcase classname="org.wildcraft.util.collections.CollectionFactoryTest" name="testCollectionOrderIsUnstable" time="0"/>
  <testcase classname="org.wildcraft.util.collections.CollectionFactoryTest" name="testCollectionOrderIsUnstable" time="0.001"/>
  <testcase classname="org.wildcraft.util.collections.CollectionFactoryTest" name="testCollectionsAreImmutable" time="0.015"/>
  <testcase classname="org.wildcraft.util.collections.CollectionFactoryTest" name="testCreateCollectionInJava9" time="0.002"/>
  <testcase classname="org.wildcraft.util.collections.CollectionFactoryTest" name="testCreateCollectionWithoutEnhancement" time="0"/>
  <testcase classname="org.wildcraft.util.collections.CollectionFactoryTest" name="testImmutableMapOf10Elements" time="0.029"/>
  <testcase classname="org.wildcraft.util.collections.CollectionFactoryTest" name="testImmutableMapOf11Elements" time="0"/>
  <testcase classname="org.wildcraft.util.optional.OptionalTest" name="testOptionalIfPresentOrElse" time="0.001"/>
  <testcase classname="org.wildcraft.util.optional.OptionalTest" name="testOptionalOr" time="0.001"/>
  <testcase classname="org.wildcraft.util.optional.OptionalTest" name="testOptionalStream" time="0.001"/>
  <testcase classname="org.wildcraft.util.optional.OptionalTest" name="testOptionalWithoutIfPresentOrElse" time="0.001"/>
  <testcase classname="org.wildcraft.util.optional.OptionalTest" name="testOptionalWithoutOr" time="0"/>
  <testcase classname="org.wildcraft.util.optional.OptionalTest" name="testOptionalWithoutStream" time="0.001"/>
  <testcase classname="org.wildcraft.util.reactive.ReactiveTest" name="testPublishAndSubscribe" time="0.024"/>
  <testcase classname="org.wildcraft.util.stream.StreamTest" name="testDropWhile" time="0.015"/>
  <testcase classname="org.wildcraft.util.stream.StreamTest" name="testIterateStoppable" time="0.009"/>
  <testcase classname="org.wildcraft.util.stream.StreamTest" name="testOfNullable" time="0.001"/>
  <testcase classname="org.wildcraft.util.stream.StreamTest" name="testOfNullableStream" time="0.001"/>
  <testcase classname="org.wildcraft.util.stream.StreamTest" name="testOfNullableStreamCount" time="0.009"/>
  <testcase classname="org.wildcraft.util.stream.StreamTest" name="testTakeWhile" time="0.001"/>
</testsuite>