<?xml version="1.0" encoding="UTF-8"?>
<!-- Generated by org.testng.reporters.JUnitReportReporter -->
<testsuite skipped="0" hostname="Sree-MackBook-Pro" name="geeksforgeeks.RotateAndDeleteTest" tests="1" failures="0" timestamp="25 Dec 2017 10:03:52 GMT" time="0.001" errors="0">
  <testcase name="tc1" time="0.001" classname="geeksforgeeks.RotateAndDeleteTest"/>
</testsuite> <!-- geeksforgeeks.RotateAndDeleteTest -->
