<?xml version="1.0" encoding="UTF-8"?>
<!-- Generated by org.testng.reporters.JUnitReportReporter -->
<testsuite hostname="Sree-MackBook-Pro" failures="0" tests="6" name="org.wildcraft.util.optional.OptionalTest" time="0.006" errors="0" timestamp="15 Oct 2017 02:47:58 GMT" skipped="0">
  <testcase classname="org.wildcraft.util.optional.OptionalTest" name="testOptionalOr" time="0.002"/>
  <testcase classname="org.wildcraft.util.optional.OptionalTest" name="testOptionalStream" time="0.001"/>
  <testcase classname="org.wildcraft.util.optional.OptionalTest" name="testOptionalWithoutIfPresentOrElse" time="0.000"/>
  <testcase classname="org.wildcraft.util.optional.OptionalTest" name="testOptionalWithoutOr" time="0.001"/>
  <testcase classname="org.wildcraft.util.optional.OptionalTest" name="testOptionalIfPresentOrElse" time="0.001"/>
  <testcase classname="org.wildcraft.util.optional.OptionalTest" name="testOptionalWithoutStream" time="0.001"/>
</testsuite> <!-- org.wildcraft.util.optional.OptionalTest -->
