<?xml version="1.0" encoding="UTF-8"?>
<!-- Generated by org.testng.reporters.JUnitReportReporter -->
<testsuite skipped="0" hostname="Sree-MackBook-Pro" name="epi.array.TestSudokuSolver" tests="2" failures="0" timestamp="25 Dec 2017 10:03:52 GMT" time="0.001" errors="0">
  <testcase name="test1" time="0.000" classname="epi.array.TestSudokuSolver"/>
  <testcase name="test" time="0.001" classname="epi.array.TestSudokuSolver"/>
</testsuite> <!-- epi.array.TestSudokuSolver -->
