<?xml version="1.0" encoding="UTF-8"?>
<!-- Generated by org.testng.reporters.JUnitReportReporter -->
<testsuite skipped="0" hostname="Sree-MackBook-Pro" name="geeksforgeeks.SumStringTest" tests="3" failures="0" timestamp="25 Dec 2017 10:03:52 GMT" time="0.019" errors="0">
  <testcase name="sumStringTestCase2" time="0.001" classname="geeksforgeeks.SumStringTest"/>
  <testcase name="sumStringTestCase3" time="0.000" classname="geeksforgeeks.SumStringTest"/>
  <testcase name="sumStringTestCase1" time="0.018" classname="geeksforgeeks.SumStringTest"/>
</testsuite> <!-- geeksforgeeks.SumStringTest -->
