<?xml version="1.0" encoding="UTF-8"?>
<!-- Generated by org.testng.reporters.JUnitReportReporter -->
<testsuite hostname="Sree-MackBook-Pro" failures="0" tests="2" name="org.wildcraft.util.arrays.CompareArraysTest" time="0.035" errors="0" timestamp="15 Oct 2017 02:47:58 GMT" skipped="0">
  <testcase classname="org.wildcraft.util.arrays.CompareArraysTest" name="testArraysCompareWithDifferentArray" time="0.000"/>
  <testcase classname="org.wildcraft.util.arrays.CompareArraysTest" name="testArraysCompare" time="0.035"/>
</testsuite> <!-- org.wildcraft.util.arrays.CompareArraysTest -->
