<?xml version="1.0" encoding="UTF-8"?>
<!-- Generated by org.testng.reporters.JUnitReportReporter -->
<testsuite skipped="0" hostname="Sree-MackBook-Pro" name="epi.array.TestPrimeNo" tests="1" failures="0" timestamp="25 Dec 2017 10:03:52 GMT" time="0.219" errors="0">
  <testcase name="testPrimeNo" time="0.219" classname="epi.array.TestPrimeNo"/>
</testsuite> <!-- epi.array.TestPrimeNo -->
