<?xml version="1.0" encoding="UTF-8"?>
<!-- Generated by org.testng.reporters.JUnitReportReporter -->
<testsuite hostname="Sree-MackBook-Pro" failures="0" tests="7" name="org.wildcraft.util.stream.StreamTest" time="0.104" errors="0" timestamp="15 Oct 2017 02:47:58 GMT" skipped="1">
  <testcase classname="org.wildcraft.util.stream.StreamTest" name="testOfNullableStream" time="0.001"/>
  <testcase classname="org.wildcraft.util.stream.StreamTest" name="testIterateStoppable" time="0.002"/>
  <testcase classname="org.wildcraft.util.stream.StreamTest" name="testOfNullableStreamCount" time="0.010"/>
  <testcase classname="org.wildcraft.util.stream.StreamTest" name="testDropWhile" time="0.078"/>
  <testcase classname="org.wildcraft.util.stream.StreamTest" name="testTakeWhile" time="0.012"/>
  <testcase classname="org.wildcraft.util.stream.StreamTest" name="testOfNullable" time="0.001"/>
  <testcase classname="org.wildcraft.util.stream.StreamTest" name="testIterateUnstoppableInJava8">
    <skipped/>
  </testcase> <!-- testIterateUnstoppableInJava8 -->
</testsuite> <!-- org.wildcraft.util.stream.StreamTest -->
