<?xml version="1.0" encoding="UTF-8"?>
<!-- Generated by org.testng.reporters.JUnitReportReporter -->
<testsuite hostname="Sree-MackBook-Pro" failures="0" tests="1" name="org.wildcraft.compactstring.CompactStringTest" time="9.087" errors="0" timestamp="14 Oct 2017 15:19:44 GMT" skipped="0">
  <testcase classname="org.wildcraft.compactstring.CompactStringTest" name="testStringGenerationFromIntegers" time="9.087"/>
</testsuite> <!-- org.wildcraft.compactstring.CompactStringTest -->
